<?xml version="1.0" encoding="UTF-8"?>
<!-- Generated by org.testng.reporters.JUnitXMLReporter -->
<testsuite ignored="0" hostname="LAPTOP-24E6EFHK" failures="0" tests="3" name="MyFrameWork" time="6.831" errors="0" timestamp="2024-02-05T16:43:25 IST">
  <testcase classname="com.myframework.testcases.homepage.VerifyHomeScreen" name="verifyHomePageTitle" time="0.011"/>
  <testcase classname="com.myframework.testcases.homepage.VerifyHomeScreen" name="verifySignInBtnIsVisible" time="0.041"/>
  <testcase classname="com.myframework.testcases.homepage.VerifyHomeScreen" name="verifyMainMenuOptions" time="0.055"/>
</testsuite> <!-- MyFrameWork -->
