<?xml version="1.0" encoding="UTF-8"?>
<!-- Generated by org.testng.reporters.JUnitXMLReporter -->
<testsuite ignored="14" hostname="LAPTOP-24E6EFHK" failures="0" tests="4" name="Chrome-Test" time="17.383" errors="0" timestamp="2024-02-18T18:59:40 IST">
  <testcase classname="com.myframework.testcases.homepage.VerifyHomeScreen" name="verifyHomePageTitle" time="0.076"/>
  <testcase classname="com.myframework.testcases.signin_singup.VerifyUserSingIn" name="verifySignInBtnIsVisible" time="0.207"/>
  <testcase classname="com.myframework.testcases.product.verifySortByOnProduct" name="hoverOnMenuAndSelectMenu" time="2.58"/>
  <testcase classname="com.myframework.testcases.product.verifySortByOnProduct" name="verifyPageBreadCrumb" time="0.164"/>
  <testcase classname="com.myframework.testcases.signin_singup.VerifyUserSingIn" name="verifySignInBtnIsClickable" time="0.0">
    <ignored/>
  </testcase> <!-- verifySignInBtnIsClickable -->
  <testcase classname="com.myframework.testcases.signin_singup.VerifyUserSingIn" name="verifyValidUserLogin" time="0.0">
    <ignored/>
  </testcase> <!-- verifyValidUserLogin -->
  <testcase classname="com.myframework.testcases.product.verifySortByOnProduct" name="selectSortOptionByText" time="0.0">
    <ignored/>
  </testcase> <!-- selectSortOptionByText -->
  <testcase classname="com.myframework.testcases.basetest.BaseTestClass" name="@BeforeSuite beforeSuit" time="0.0">
    <ignored/>
  </testcase> <!-- @BeforeSuite beforeSuit -->
  <testcase classname="com.myframework.testcases.basetest.BaseTestClass" name="@BeforeSuite beforeSuit" time="0.0">
    <ignored/>
  </testcase> <!-- @BeforeSuite beforeSuit -->
  <testcase classname="com.myframework.testcases.basetest.BaseTestClass" name="@AfterSuite afterSuit" time="0.0">
    <ignored/>
  </testcase> <!-- @AfterSuite afterSuit -->
  <testcase classname="com.myframework.testcases.basetest.BaseTestClass" name="@AfterSuite afterSuit" time="0.0">
    <ignored/>
  </testcase> <!-- @AfterSuite afterSuit -->
  <testcase classname="com.myframework.testcases.product.verifySortByOnProduct" name="verifyProductOrderBy" time="0.0">
    <ignored/>
  </testcase> <!-- verifyProductOrderBy -->
  <testcase classname="com.myframework.testcases.homepage.VerifyHomeScreen" name="verifyMainMenuOptions" time="0.0">
    <ignored/>
  </testcase> <!-- verifyMainMenuOptions -->
  <testcase classname="com.myframework.testcases.signin_singup.VerifyUserSingIn" name="verifyInvalidUserLogin" time="0.0">
    <ignored/>
  </testcase> <!-- verifyInvalidUserLogin -->
  <testcase classname="com.myframework.testcases.signin_singup.VerifyUserSingIn" name="verifyUserTapOnSignInBtn" time="0.0">
    <ignored/>
  </testcase> <!-- verifyUserTapOnSignInBtn -->
  <testcase classname="com.myframework.testcases.product.verifySortByOnProduct" name="scrollPageTillSortByOption" time="0.0">
    <ignored/>
  </testcase> <!-- scrollPageTillSortByOption -->
  <testcase classname="com.myframework.testcases.homepage.VerifyHomeScreen" name="verifySignInBtnIsVisible" time="0.0">
    <ignored/>
  </testcase> <!-- verifySignInBtnIsVisible -->
  <testcase classname="com.myframework.testcases.signin_singup.VerifyUserSingIn" name="verifyUserSignOut" time="0.0">
    <ignored/>
  </testcase> <!-- verifyUserSignOut -->
</testsuite> <!-- Chrome-Test -->
