<?xml version="1.0" encoding="UTF-8"?>
<!-- Generated by org.testng.reporters.JUnitXMLReporter -->
<testsuite ignored="1" hostname="LAPTOP-24E6EFHK" failures="0" tests="5" name="SignIn-Test" time="22.443" errors="0" timestamp="2024-02-12T20:36:07 IST">
  <testcase classname="com.myframework.testcases.signin_singup.VerifyUserSingIn" name="verifySignInBtnIsVisible" time="0.379"/>
  <testcase classname="com.myframework.testcases.signin_singup.VerifyUserSingIn" name="verifySignInBtnIsClickable" time="0.292"/>
  <testcase classname="com.myframework.testcases.signin_singup.VerifyUserSingIn" name="verifyUserTapOnSignInBtn" time="1.354"/>
  <testcase classname="com.myframework.testcases.signin_singup.VerifyUserSingIn" name="verifyValidUserLogin" time="1.82"/>
  <testcase classname="com.myframework.testcases.signin_singup.VerifyUserSingIn" name="verifyUserSignOut" time="1.081"/>
  <testcase classname="com.myframework.testcases.signin_singup.VerifyUserSingIn" name="verifyInvalidUserLogin" time="0.0">
    <ignored/>
  </testcase> <!-- verifyInvalidUserLogin -->
</testsuite> <!-- SignIn-Test -->
