<?xml version="1.0" encoding="UTF-8"?>
<testsuite xmlns:xsi="http://www.w3.org/2001/XMLSchema-instance" xsi:noNamespaceSchemaLocation="https://maven.apache.org/surefire/maven-surefire-plugin/xsd/surefire-test-report.xsd" name="TestSuite" time="14.291" tests="13" errors="0" skipped="0" failures="0">
  <properties>
[...]
</properties>
  <testcase name="verifySignInBtnIsVisible" classname="com.myframework.testcases.signin_singup.VerifyUserSingIn" time="0.165"/>
  <testcase name="verifyHomePageTitle" classname="com.myframework.testcases.homepage.VerifyHomeScreen" time="0.018"/>
  <testcase name="verifySignInBtnIsVisible" classname="com.myframework.testcases.homepage.VerifyHomeScreen" time="0.056"/>
  <testcase name="verifySignInBtnIsClickable" classname="com.myframework.testcases.signin_singup.VerifyUserSingIn" time="0.026"/>
  <testcase name="verifyMainMenuOptions" classname="com.myframework.testcases.homepage.VerifyHomeScreen" time="0.067"/>
  <testcase name="verifyUserTapOnSignInBtn" classname="com.myframework.testcases.signin_singup.VerifyUserSingIn" time="0.962"/>
  <testcase name="hoverOnMenuAndSelectMenu" classname="com.myframework.testcases.product.verifySortByOnProduct" time="0.497"/>
  <testcase name="verifyPageBreadCrumb" classname="com.myframework.testcases.product.verifySortByOnProduct" time="0.065"/>
  <testcase name="verifyValidUserLogin" classname="com.myframework.testcases.signin_singup.VerifyUserSingIn" time="0.909"/>
  <testcase name="selectSortOptionByText" classname="com.myframework.testcases.product.verifySortByOnProduct" time="0.45"/>
  <testcase name="scrollPageTillSortByOption" classname="com.myframework.testcases.product.verifySortByOnProduct" time="0.042"/>
  <testcase name="verifyProductOrderBy" classname="com.myframework.testcases.product.verifySortByOnProduct" time="0.225"/>
  <testcase name="verifyUserSignOut" classname="com.myframework.testcases.signin_singup.VerifyUserSingIn" time="0.656"/>
</testsuite>