<?xml version="1.0" encoding="UTF-8"?>
<!-- Generated by org.testng.reporters.JUnitXMLReporter -->
<testsuite ignored="1" hostname="LAPTOP-24E6EFHK" failures="0" tests="8" name="Home Page UI Test" time="18.438" errors="0" timestamp="2024-02-08T15:16:06 IST">
  <testcase classname="com.myframework.testcases.homepage.VerifyHomeScreen" name="verifyHomePageTitle" time="0.019"/>
  <testcase classname="com.myframework.testcases.homepage.VerifyHomeScreen" name="verifySignInBtnIsVisible" time="0.072"/>
  <testcase classname="com.myframework.testcases.homepage.VerifyHomeScreen" name="verifyMainMenuOptions" time="0.096"/>
  <testcase classname="com.myframework.testcases.signin_singup.VerifyUserSingIn" name="verifySignInBtnIsVisible" time="0.051"/>
  <testcase classname="com.myframework.testcases.signin_singup.VerifyUserSingIn" name="verifySignInBtnIsClickable" time="0.076"/>
  <testcase classname="com.myframework.testcases.signin_singup.VerifyUserSingIn" name="verifyUserTapOnSignInBtn" time="1.209"/>
  <testcase classname="com.myframework.testcases.signin_singup.VerifyUserSingIn" name="verifyInvalidUserLogin" time="1.016"/>
  <testcase classname="com.myframework.testcases.signin_singup.VerifyUserSingIn" name="verifyInvalidUserLogin" time="1.306"/>
  <testcase classname="com.myframework.testcases.signin_singup.VerifyUserSingIn" name="verifyValidUserLogin" time="0.0">
    <ignored/>
  </testcase> <!-- verifyValidUserLogin -->
</testsuite> <!-- Home Page UI Test -->
