<?xml version="1.0" encoding="UTF-8"?>
<!-- Generated by org.testng.reporters.JUnitXMLReporter -->
<testsuite ignored="0" hostname="LAPTOP-24E6EFHK" failures="0" tests="5" name="Product-sort-by-test" time="30.65" errors="0" timestamp="2024-02-17T14:48:12 IST">
  <testcase classname="com.myframework.testcases.product.verifySortByOnProduct" name="hoverOnMenuAndSelectMenu" time="1.154"/>
  <testcase classname="com.myframework.testcases.product.verifySortByOnProduct" name="verifyPageBreadCrumb" time="15.149"/>
  <testcase classname="com.myframework.testcases.product.verifySortByOnProduct" name="selectSortOptionByText" time="1.303"/>
  <testcase classname="com.myframework.testcases.product.verifySortByOnProduct" name="scrollPageTillSortByOption" time="0.013"/>
  <testcase classname="com.myframework.testcases.product.verifySortByOnProduct" name="verifyProductOrderBy" time="0.07"/>
</testsuite> <!-- Product-sort-by-test -->
