<?xml version="1.0" encoding="UTF-8"?>
<!-- Generated by org.testng.reporters.JUnitXMLReporter -->
<testsuite ignored="1" hostname="LAPTOP-24E6EFHK" failures="0" tests="5" name="SignIn-Test" time="13.741" errors="0" timestamp="2024-02-12T20:54:03 IST">
  <testcase classname="com.myframework.testcases.signin_singup.VerifyUserSingIn" name="verifySignInBtnIsVisible" time="0.16"/>
  <testcase classname="com.myframework.testcases.signin_singup.VerifyUserSingIn" name="verifySignInBtnIsClickable" time="0.16"/>
  <testcase classname="com.myframework.testcases.signin_singup.VerifyUserSingIn" name="verifyUserTapOnSignInBtn" time="0.961"/>
  <testcase classname="com.myframework.testcases.signin_singup.VerifyUserSingIn" name="verifyValidUserLogin" time="1.472"/>
  <testcase classname="com.myframework.testcases.signin_singup.VerifyUserSingIn" name="verifyUserSignOut" time="1.15"/>
  <testcase classname="com.myframework.testcases.signin_singup.VerifyUserSingIn" name="verifyInvalidUserLogin" time="0.0">
    <ignored/>
  </testcase> <!-- verifyInvalidUserLogin -->
</testsuite> <!-- SignIn-Test -->
